  [1m[36mSQL (1.0ms)[0m  [1m SELECT name
 FROM sqlite_master
 WHERE type = 'table' AND NOT name = 'sqlite_sequence'
[0m
  [1m[35mSQL (0.0ms)[0m  select sqlite_version(*)
  [1m[36mSQL (5.0ms)[0m  [1mCREATE TABLE "schema_migrations" ("version" varchar(255) NOT NULL) [0m
  [1m[35mSQL (0.0ms)[0m  PRAGMA index_list("schema_migrations")
  [1m[36mSQL (3.0ms)[0m  [1mCREATE UNIQUE INDEX "unique_schema_migrations" ON "schema_migrations" ("version")[0m
  [1m[35mSQL (0.0ms)[0m   SELECT name
 FROM sqlite_master
 WHERE type = 'table' AND NOT name = 'sqlite_sequence'
  [1m[36mSQL (0.0ms)[0m  [1m SELECT name
 FROM sqlite_master
 WHERE type = 'table' AND NOT name = 'sqlite_sequence'
[0m
  [1m[35mSQL (0.0ms)[0m  SELECT "schema_migrations"."version" FROM "schema_migrations"
Migrating to CreateUsers (20130818203840)
  [1m[36mSQL (0.0ms)[0m  [1mCREATE TABLE "users" ("id" INTEGER PRIMARY KEY AUTOINCREMENT NOT NULL, "name" varchar(255), "email" varchar(255), "created_at" datetime, "updated_at" datetime) [0m
  [1m[35mSQL (0.0ms)[0m  INSERT INTO "schema_migrations" ("version") VALUES ('20130818203840')
  [1m[36mSQL (1.0ms)[0m  [1m SELECT name
 FROM sqlite_master
 WHERE type = 'table' AND NOT name = 'sqlite_sequence'
[0m
  [1m[35mSQL (0.0ms)[0m  SELECT "schema_migrations"."version" FROM "schema_migrations"
  [1m[36mSQL (0.0ms)[0m  [1m SELECT name
 FROM sqlite_master
 WHERE type = 'table' AND NOT name = 'sqlite_sequence'
[0m
  [1m[35mSQL (0.0ms)[0m  PRAGMA index_list("users")
DEPRECATION WARNING: config.action_view.debug_rjs will be removed in 3.1, from 3.1 onwards you will need to install prototype-rails to continue to use RJS templates . (called from service at C:/RailsInstaller/Ruby1.8.7/lib/ruby/1.8/webrick/httpserver.rb:104)


Started GET "/users" for 127.0.0.1 at Mon Aug 19 02:11:02 +0530 2013
  Processing by UsersController#index as HTML
  [1m[36mUser Load (0.0ms)[0m  [1mSELECT "users".* FROM "users"[0m
Rendered users/index.html.erb within layouts/application (4.0ms)
Completed 200 OK in 88ms (Views: 19.0ms | ActiveRecord: 0.0ms)


Started GET "/users/new" for 127.0.0.1 at Mon Aug 19 02:11:35 +0530 2013
  Processing by UsersController#new as HTML
Rendered users/_form.html.erb (7.0ms)
Rendered users/new.html.erb within layouts/application (13.0ms)
Completed 200 OK in 44ms (Views: 27.0ms | ActiveRecord: 0.0ms)


Started POST "/users" for 127.0.0.1 at Mon Aug 19 02:11:47 +0530 2013
  Processing by UsersController#create as HTML
  Parameters: {"commit"=>"Create User", "authenticity_token"=>"WkXBLHKZ5KCX1mNyJK2Co12rRycLrIiIgqHBl96zRSo=", "utf8"=>"✓", "user"=>{"name"=>"srijan", "email"=>"srijan@example.com"}}
  [1m[35mSQL (0.0ms)[0m   SELECT name
 FROM sqlite_master
 WHERE type = 'table' AND NOT name = 'sqlite_sequence'
  [1m[36mAREL (2.0ms)[0m  [1mINSERT INTO "users" ("email", "created_at", "updated_at", "name") VALUES ('srijan@example.com', '2013-08-18 20:41:47.293193', '2013-08-18 20:41:47.293193', 'srijan')[0m
Redirected to http://localhost:3000/users/1
Completed 302 Found in 33ms


Started GET "/users/1" for 127.0.0.1 at Mon Aug 19 02:11:47 +0530 2013
  Processing by UsersController#show as HTML
  Parameters: {"id"=>"1"}
  [1m[35mUser Load (0.0ms)[0m  SELECT "users".* FROM "users" WHERE "users"."id" = 1 LIMIT 1
Rendered users/show.html.erb within layouts/application (6.0ms)
Completed 200 OK in 24ms (Views: 19.0ms | ActiveRecord: 2.0ms)


Started GET "/users" for 127.0.0.1 at Mon Aug 19 02:12:06 +0530 2013
  Processing by UsersController#index as HTML
  [1m[36mUser Load (0.0ms)[0m  [1mSELECT "users".* FROM "users"[0m
Rendered users/index.html.erb within layouts/application (6.0ms)
Completed 200 OK in 21ms (Views: 16.0ms | ActiveRecord: 0.0ms)
  [1m[36mSQL (1.0ms)[0m  [1m SELECT name
 FROM sqlite_master
 WHERE type = 'table' AND NOT name = 'sqlite_sequence'
[0m
  [1m[35mSQL (0.0ms)[0m   SELECT name
 FROM sqlite_master
 WHERE type = 'table' AND NOT name = 'sqlite_sequence'
  [1m[36mSQL (0.0ms)[0m  [1mSELECT "schema_migrations"."version" FROM "schema_migrations"[0m
Migrating to CreateUsers (20130818203840)
Migrating to CreateMicroposts (20130818204749)
  [1m[35mSQL (0.0ms)[0m  select sqlite_version(*)
  [1m[36mSQL (0.0ms)[0m  [1mCREATE TABLE "microposts" ("id" INTEGER PRIMARY KEY AUTOINCREMENT NOT NULL, "content" varchar(255), "user_id" integer, "created_at" datetime, "updated_at" datetime) [0m
  [1m[35mSQL (0.0ms)[0m  INSERT INTO "schema_migrations" ("version") VALUES ('20130818204749')
  [1m[36mSQL (1.0ms)[0m  [1m SELECT name
 FROM sqlite_master
 WHERE type = 'table' AND NOT name = 'sqlite_sequence'
[0m
  [1m[35mSQL (0.0ms)[0m  SELECT "schema_migrations"."version" FROM "schema_migrations"
  [1m[36mSQL (0.0ms)[0m  [1m SELECT name
 FROM sqlite_master
 WHERE type = 'table' AND NOT name = 'sqlite_sequence'
[0m
  [1m[35mSQL (0.0ms)[0m  PRAGMA index_list("microposts")
  [1m[36mSQL (0.0ms)[0m  [1mPRAGMA index_list("users")[0m
